<?xml version="1.0" encoding="UTF-8"?>
<testsuite xmlns:xsi="http://www.w3.org/2001/XMLSchema-instance" xsi:noNamespaceSchemaLocation="https://maven.apache.org/surefire/maven-surefire-plugin/xsd/surefire-test-report-3.0.xsd" version="3.0" name="io.github.bonigarcia.CucumberTest" time="0.53" tests="4" errors="0" skipped="0" failures="0">
  <properties>
[...]
</properties>
  <testcase name="Addition" classname="Basic Arithmetic" time="0.408">
    <system-out><![CDATA[2023-02-09 12:11:36 [main] DEBUG i.github.bonigarcia.CalculatorSteps.add(42) -- Adding 4 and 5
2023-02-09 12:11:36 [main] DEBUG i.github.bonigarcia.CalculatorSteps.the_result_is(59) -- Result: 9.0 (expected 9.0)
]]></system-out>
  </testcase>
  <testcase name="Substraction" classname="Basic Arithmetic" time="0.004">
    <system-out><![CDATA[2023-02-09 12:11:36 [main] DEBUG i.github.bonigarcia.CalculatorSteps.substract(50) -- Substracting 7 and 2
2023-02-09 12:11:36 [main] DEBUG i.github.bonigarcia.CalculatorSteps.the_result_is(59) -- Result: 5.0 (expected 5.0)
]]></system-out>
  </testcase>
  <testcase name="Example #1.1" classname="Single digits" time="0.003">
    <system-out><![CDATA[2023-02-09 12:11:36 [main] DEBUG i.github.bonigarcia.CalculatorSteps.add(42) -- Adding 1 and 2
2023-02-09 12:11:36 [main] DEBUG i.github.bonigarcia.CalculatorSteps.the_result_is(59) -- Result: 3.0 (expected 3.0)
]]></system-out>
  </testcase>
  <testcase name="Example #1.2" classname="Single digits" time="0.005">
    <system-out><![CDATA[2023-02-09 12:11:36 [main] DEBUG i.github.bonigarcia.CalculatorSteps.add(42) -- Adding 3 and 7
2023-02-09 12:11:36 [main] DEBUG i.github.bonigarcia.CalculatorSteps.the_result_is(59) -- Result: 10.0 (expected 10.0)
]]></system-out>
  </testcase>
</testsuite>